---------------------------------------------------------------
[ 2020-10-12T16:48:39+08:00 ] 127.0.0.1 POST zhenqingxiang.com/zRSfQskguy.php/addon/state
[ error ] [2]unlink(D:\wwwroot\zhenqingxiang.com\public\assets\addons\shopro\img\adv_01.png): No such file or directory
[ error ] [2]unlink(D:\wwwroot\zhenqingxiang.com\public\assets\addons\shopro\img\adv_02.png): No such file or directory
[ error ] [2]unlink(D:\wwwroot\zhenqingxiang.com\public\assets\addons\shopro\img\adv_03.png): No such file or directory
[ error ] [2]unlink(D:\wwwroot\zhenqingxiang.com\public\assets\addons\shopro\img\adv_04.png): No such file or directory
[ error ] [2]unlink(D:\wwwroot\zhenqingxiang.com\public\assets\addons\shopro\img\adv_05.png): No such file or directory
[ error ] [2]unlink(D:\wwwroot\zhenqingxiang.com\public\assets\addons\shopro\img\adv_06.png): No such file or directory
[ error ] [2]unlink(D:\wwwroot\zhenqingxiang.com\public\assets\addons\shopro\img\adv_07.png): No such file or directory
[ error ] [2]unlink(D:\wwwroot\zhenqingxiang.com\public\assets\addons\shopro\img\adv_bg.png): No such file or directory
[ error ] [2]unlink(D:\wwwroot\zhenqingxiang.com\public\assets\addons\shopro\img\adv_cube.png): No such file or directory
[ error ] [2]unlink(D:\wwwroot\zhenqingxiang.com\public\assets\addons\shopro\img\applepay.png): No such file or directory
[ error ] [2]unlink(D:\wwwroot\zhenqingxiang.com\public\assets\addons\shopro\img\app_bg.png): No such file or directory
[ error ] [2]unlink(D:\wwwroot\zhenqingxiang.com\public\assets\addons\shopro\img\app_logo.png): No such file or directory
[ error ] [2]unlink(D:\wwwroot\zhenqingxiang.com\public\assets\addons\shopro\img\assemble.png): No such file or directory
[ error ] [2]unlink(D:\wwwroot\zhenqingxiang.com\public\assets\addons\shopro\img\banner_bg.png): No such file or directory
[ error ] [2]unlink(D:\wwwroot\zhenqingxiang.com\public\assets\addons\shopro\img\carousel.png): No such file or directory
[ error ] [2]unlink(D:\wwwroot\zhenqingxiang.com\public\assets\addons\shopro\img\classify-list.png): No such file or directory
[ error ] [2]unlink(D:\wwwroot\zhenqingxiang.com\public\assets\addons\shopro\img\classify.png): No such file or directory
[ error ] [2]unlink(D:\wwwroot\zhenqingxiang.com\public\assets\addons\shopro\img\classify_con.png): No such file or directory
[ error ] [2]unlink(D:\wwwroot\zhenqingxiang.com\public\assets\addons\shopro\img\code_1.png): No such file or directory
[ error ] [2]unlink(D:\wwwroot\zhenqingxiang.com\public\assets\addons\shopro\img\coupon.png): No such file or directory
[ error ] [2]unlink(D:\wwwroot\zhenqingxiang.com\public\assets\addons\shopro\img\coupons_bg.png): No such file or directory
[ error ] [2]unlink(D:\wwwroot\zhenqingxiang.com\public\assets\addons\shopro\img\dashboard\1.png): No such file or directory
[ error ] [2]unlink(D:\wwwroot\zhenqingxiang.com\public\assets\addons\shopro\img\dashboard\2.png): No such file or directory
[ error ] [2]unlink(D:\wwwroot\zhenqingxiang.com\public\assets\addons\shopro\img\dashboard\3.png): No such file or directory
[ error ] [2]unlink(D:\wwwroot\zhenqingxiang.com\public\assets\addons\shopro\img\dashboard\4.png): No such file or directory
[ error ] [2]unlink(D:\wwwroot\zhenqingxiang.com\public\assets\addons\shopro\img\dashboard\5.png): No such file or directory
[ error ] [2]unlink(D:\wwwroot\zhenqingxiang.com\public\assets\addons\shopro\img\dashboard\6.png): No such file or directory
[ error ] [2]unlink(D:\wwwroot\zhenqingxiang.com\public\assets\addons\shopro\img\dashboard\icon-1.png): No such file or directory
[ error ] [2]unlink(D:\wwwroot\zhenqingxiang.com\public\assets\addons\shopro\img\dashboard\icon-2.png): No such file or directory
[ error ] [2]unlink(D:\wwwroot\zhenqingxiang.com\public\assets\addons\shopro\img\dashboard\icon-3.png): No such file or directory
[ error ] [2]unlink(D:\wwwroot\zhenqingxiang.com\public\assets\addons\shopro\img\dashboard\icon-4.png): No such file or directory
[ error ] [2]unlink(D:\wwwroot\zhenqingxiang.com\public\assets\addons\shopro\img\dashboard\icon-5.png): No such file or directory
[ error ] [2]unlink(D:\wwwroot\zhenqingxiang.com\public\assets\addons\shopro\img\dashboard\icon-6.png): No such file or directory
[ error ] [2]unlink(D:\wwwroot\zhenqingxiang.com\public\assets\addons\shopro\img\decorate\adv.png): No such file or directory
[ error ] [2]unlink(D:\wwwroot\zhenqingxiang.com\public\assets\addons\shopro\img\decorate\adv_01.png): No such file or directory
[ error ] [2]unlink(D:\wwwroot\zhenqingxiang.com\public\assets\addons\shopro\img\decorate\adv_02.png): No such file or directory
[ error ] [2]unlink(D:\wwwroot\zhenqingxiang.com\public\assets\addons\shopro\img\decorate\adv_03.png): No such file or directory
[ error ] [2]unlink(D:\wwwroot\zhenqingxiang.com\public\assets\addons\shopro\img\decorate\adv_04.png): No such file or directory
[ error ] [2]unlink(D:\wwwroot\zhenqingxiang.com\public\assets\addons\shopro\img\decorate\adv_05.png): No such file or directory
[ error ] [2]unlink(D:\wwwroot\zhenqingxiang.com\public\assets\addons\shopro\img\decorate\adv_06.png): No such file or directory
[ error ] [2]unlink(D:\wwwroot\zhenqingxiang.com\public\assets\addons\shopro\img\decorate\adv_07.png): No such file or directory
[ error ] [2]unlink(D:\wwwroot\zhenqingxiang.com\public\assets\addons\shopro\img\decorate\adv_bg.png): No such file or directory
[ error ] [2]unlink(D:\wwwroot\zhenqingxiang.com\public\assets\addons\shopro\img\decorate\App.png): No such file or directory
[ error ] [2]unlink(D:\wwwroot\zhenqingxiang.com\public\assets\addons\shopro\img\decorate\banner.png): No such file or directory
[ error ] [2]unlink(D:\wwwroot\zhenqingxiang.com\public\assets\addons\shopro\img\decorate\banner_bg.png): No such file or directory
[ error ] [2]unlink(D:\wwwroot\zhenqingxiang.com\public\assets\addons\shopro\img\decorate\code_1.png): No such file or directory
[ error ] [2]unlink(D:\wwwroot\zhenqingxiang.com\public\assets\addons\shopro\img\decorate\copy-btn.png): No such file or directory
[ error ] [2]unlink(D:\wwwroot\zhenqingxiang.com\public\assets\addons\shopro\img\decorate\coupon.png): No such file or directory
[ error ] [2]unlink(D:\wwwroot\zhenqingxiang.com\public\assets\addons\shopro\img\decorate\coupons_bg.png): No such file or directory
[ error ] [2]unlink(D:\wwwroot\zhenqingxiang.com\public\assets\addons\shopro\img\decorate\decorate-btn.png): No such file or directory
[ error ] [2]unlink(D:\wwwroot\zhenqingxiang.com\public\assets\addons\shopro\img\decorate\delete-btn.png): No such file or directory
[ error ] [2]unlink(D:\wwwroot\zhenqingxiang.com\public\assets\addons\shopro\img\decorate\down-btn.png): No such file or directory
[ error ] [2]unlink(D:\wwwroot\zhenqingxiang.com\public\assets\addons\shopro\img\decorate\edit-btn.png): No such file or directory
[ error ] [2]unlink(D:\wwwroot\zhenqingxiang.com\public\assets\addons\shopro\img\decorate\float-button.png): No such file or directory
[ error ] [2]unlink(D:\wwwroot\zhenqingxiang.com\public\assets\addons\shopro\img\decorate\float-button_bg.png): No such file or directory
[ error ] [2]unlink(D:\wwwroot\zhenqingxiang.com\public\assets\addons\shopro\img\decorate\goods-group.png): No such file or directory
[ error ] [2]unlink(D:\wwwroot\zhenqingxiang.com\public\assets\addons\shopro\img\decorate\goods-list.png): No such file or directory
[ error ] [2]unlink(D:\wwwroot\zhenqingxiang.com\public\assets\addons\shopro\img\decorate\goods_bg.png): No such file or directory
[ error ] [2]unlink(D:\wwwroot\zhenqingxiang.com\public\assets\addons\shopro\img\decorate\grid-list.png): No such file or directory
[ error ] [2]unlink(D:\wwwroot\zhenqingxiang.com\public\assets\addons\shopro\img\decorate\grid-list_bg.png): No such file or directory
[ error ] [2]unlink(D:\wwwroot\zhenqingxiang.com\public\assets\addons\shopro\img\decorate\groupon.png): No such file or directory
[ error ] [2]unlink(D:\wwwroot\zhenqingxiang.com\public\assets\addons\shopro\img\decorate\groupon_bg.png): No such file or directory
[ error ] [2]unlink(D:\wwwroot\zhenqingxiang.com\public\assets\addons\shopro\img\decorate\H5.png): No such file or directory
[ error ] [2]unlink(D:\wwwroot\zhenqingxiang.com\public\assets\addons\shopro\img\decorate\image-default.png): No such file or directory
[ error ] [2]unlink(D:\wwwroot\zhenqingxiang.com\public\assets\addons\shopro\img\decorate\image-default2.png): No such file or directory
[ error ] [2]unlink(D:\wwwroot\zhenqingxiang.com\public\assets\addons\shopro\img\decorate\live.png): No such file or directory
[ error ] [2]unlink(D:\wwwroot\zhenqingxiang.com\public\assets\addons\shopro\img\decorate\live_bg.png): No such file or directory
[ error ] [2]unlink(D:\wwwroot\zhenqingxiang.com\public\assets\addons\shopro\img\decorate\menu.png): No such file or directory
[ error ] [2]unlink(D:\wwwroot\zhenqingxiang.com\public\assets\addons\shopro\img\decorate\menu_bg.png): No such file or directory
[ error ] [2]unlink(D:\wwwroot\zhenqingxiang.com\public\assets\addons\shopro\img\decorate\nav-list.png): No such file or directory
[ error ] [2]unlink(D:\wwwroot\zhenqingxiang.com\public\assets\addons\shopro\img\decorate\nav-list_bg.png): No such file or directory
[ error ] [2]unlink(D:\wwwroot\zhenqingxiang.com\public\assets\addons\shopro\img\decorate\order-card.png): No such file or directory
[ error ] [2]unlink(D:\wwwroot\zhenqingxiang.com\public\assets\addons\shopro\img\decorate\order-card_bg.png): No such file or directory
[ error ] [2]unlink(D:\wwwroot\zhenqingxiang.com\public\assets\addons\shopro\img\decorate\popover_bg.png): No such file or directory
[ error ] [2]unlink(D:\wwwroot\zhenqingxiang.com\public\assets\addons\shopro\img\decorate\popup.png): No such file or directory
[ error ] [2]unlink(D:\wwwroot\zhenqingxiang.com\public\assets\addons\shopro\img\decorate\preview-btn.png): No such file or directory
[ error ] [2]unlink(D:\wwwroot\zhenqingxiang.com\public\assets\addons\shopro\img\decorate\preview_bg.png): No such file or directory
[ error ] [2]unlink(D:\wwwroot\zhenqingxiang.com\public\assets\addons\shopro\img\decorate\recycle-btn.png): No such file or directory
[ error ] [2]unlink(D:\wwwroot\zhenqingxiang.com\public\assets\addons\shopro\img\decorate\release-btn.png): No such file or directory
[ error ] [2]unlink(D:\wwwroot\zhenqingxiang.com\public\assets\addons\shopro\img\decorate\rich-text.png): No such file or directory
[ error ] [2]unlink(D:\wwwroot\zhenqingxiang.com\public\assets\addons\shopro\img\decorate\rich-text_bg.png): No such file or directory
[ error ] [2]unlink(D:\wwwroot\zhenqingxiang.com\public\assets\addons\shopro\img\decorate\search.png): No such file or directory
[ error ] [2]unlink(D:\wwwroot\zhenqingxiang.com\public\assets\addons\shopro\img\decorate\search_bg.png): No such file or directory
[ error ] [2]unlink(D:\wwwroot\zhenqingxiang.com\public\assets\addons\shopro\img\decorate\secKill.png): No such file or directory
[ error ] [2]unlink(D:\wwwroot\zhenqingxiang.com\public\assets\addons\shopro\img\decorate\secKill_bg.png): No such file or directory
[ error ] [2]unlink(D:\wwwroot\zhenqingxiang.com\public\assets\addons\shopro\img\decorate\tabbar.png): No such file or directory
[ error ] [2]unlink(D:\wwwroot\zhenqingxiang.com\public\assets\addons\shopro\img\decorate\title-block.png): No such file or directory
[ error ] [2]unlink(D:\wwwroot\zhenqingxiang.com\public\assets\addons\shopro\img\decorate\title-block_bg.png): No such file or directory
[ error ] [2]unlink(D:\wwwroot\zhenqingxiang.com\public\assets\addons\shopro\img\decorate\title1.png): No such file or directory
[ error ] [2]unlink(D:\wwwroot\zhenqingxiang.com\public\assets\addons\shopro\img\decorate\title2.png): No such file or directory
[ error ] [2]unlink(D:\wwwroot\zhenqingxiang.com\public\assets\addons\shopro\img\decorate\title3.png): No such file or directory
[ error ] [2]unlink(D:\wwwroot\zhenqingxiang.com\public\assets\addons\shopro\img\decorate\title4.png): No such file or directory
[ error ] [2]unlink(D:\wwwroot\zhenqingxiang.com\public\assets\addons\shopro\img\decorate\title5.png): No such file or directory
[ error ] [2]unlink(D:\wwwroot\zhenqingxiang.com\public\assets\addons\shopro\img\decorate\user.png): No such file or directory
[ error ] [2]unlink(D:\wwwroot\zhenqingxiang.com\public\assets\addons\shopro\img\decorate\user_bg.png): No such file or directory
[ error ] [2]unlink(D:\wwwroot\zhenqingxiang.com\public\assets\addons\shopro\img\decorate\wallet-card.png): No such file or directory
[ error ] [2]unlink(D:\wwwroot\zhenqingxiang.com\public\assets\addons\shopro\img\decorate\wallet-card_bg.png): No such file or directory
[ error ] [2]unlink(D:\wwwroot\zhenqingxiang.com\public\assets\addons\shopro\img\decorate\wxMiniProgram.png): No such file or directory
[ error ] [2]unlink(D:\wwwroot\zhenqingxiang.com\public\assets\addons\shopro\img\decorate\wxOfficialAccount.png): No such file or directory
[ error ] [2]unlink(D:\wwwroot\zhenqingxiang.com\public\assets\addons\shopro\img\default-avatar.png): No such file or directory
[ error ] [2]unlink(D:\wwwroot\zhenqingxiang.com\public\assets\addons\shopro\img\derocate_down.png): No such file or directory
[ error ] [2]unlink(D:\wwwroot\zhenqingxiang.com\public\assets\addons\shopro\img\derocate_up.png): No such file or directory
[ error ] [2]unlink(D:\wwwroot\zhenqingxiang.com\public\assets\addons\shopro\img\goods\batch.png): No such file or directory
[ error ] [2]unlink(D:\wwwroot\zhenqingxiang.com\public\assets\addons\shopro\img\goods\close.png): No such file or directory
[ error ] [2]unlink(D:\wwwroot\zhenqingxiang.com\public\assets\addons\shopro\img\goods\entity.png): No such file or directory
[ error ] [2]unlink(D:\wwwroot\zhenqingxiang.com\public\assets\addons\shopro\img\goods\hover.png): No such file or directory
[ error ] [2]unlink(D:\wwwroot\zhenqingxiang.com\public\assets\addons\shopro\img\goods\move.png): No such file or directory
[ error ] [2]unlink(D:\wwwroot\zhenqingxiang.com\public\assets\addons\shopro\img\goods\selected.png): No such file or directory
[ error ] [2]unlink(D:\wwwroot\zhenqingxiang.com\public\assets\addons\shopro\img\goods\virtual.png): No such file or directory
[ error ] [2]unlink(D:\wwwroot\zhenqingxiang.com\public\assets\addons\shopro\img\goods.png): No such file or directory
[ error ] [2]unlink(D:\wwwroot\zhenqingxiang.com\public\assets\addons\shopro\img\goods_bg.png): No such file or directory
[ error ] [2]unlink(D:\wwwroot\zhenqingxiang.com\public\assets\addons\shopro\img\groupon_bg.png): No such file or directory
[ error ] [2]unlink(D:\wwwroot\zhenqingxiang.com\public\assets\addons\shopro\img\h5_bg.png): No such file or directory
[ error ] [2]unlink(D:\wwwroot\zhenqingxiang.com\public\assets\addons\shopro\img\h5_logo.png): No such file or directory
[ error ] [2]unlink(D:\wwwroot\zhenqingxiang.com\public\assets\addons\shopro\img\info.png): No such file or directory
[ error ] [2]unlink(D:\wwwroot\zhenqingxiang.com\public\assets\addons\shopro\img\live.png): No such file or directory
[ error ] [2]unlink(D:\wwwroot\zhenqingxiang.com\public\assets\addons\shopro\img\live_bg.png): No such file or directory
[ error ] [2]unlink(D:\wwwroot\zhenqingxiang.com\public\assets\addons\shopro\img\menu.png): No such file or directory
[ error ] [2]unlink(D:\wwwroot\zhenqingxiang.com\public\assets\addons\shopro\img\menu_bg.png): No such file or directory
[ error ] [2]unlink(D:\wwwroot\zhenqingxiang.com\public\assets\addons\shopro\img\notice.png): No such file or directory
[ error ] [2]unlink(D:\wwwroot\zhenqingxiang.com\public\assets\addons\shopro\img\notification\note.png): No such file or directory
[ error ] [2]unlink(D:\wwwroot\zhenqingxiang.com\public\assets\addons\shopro\img\notification\wxMiniProgram.png): No such file or directory
[ error ] [2]unlink(D:\wwwroot\zhenqingxiang.com\public\assets\addons\shopro\img\notification\wxOfficialAccount.png): No such file or directory
[ error ] [2]unlink(D:\wwwroot\zhenqingxiang.com\public\assets\addons\shopro\img\order\App.png): No such file or directory
[ error ] [2]unlink(D:\wwwroot\zhenqingxiang.com\public\assets\addons\shopro\img\order\H5.png): No such file or directory
[ error ] [2]unlink(D:\wwwroot\zhenqingxiang.com\public\assets\addons\shopro\img\order\wxMiniProgram.png): No such file or directory
[ error ] [2]unlink(D:\wwwroot\zhenqingxiang.com\public\assets\addons\shopro\img\order\wxOfficialAccount.png): No such file or directory
[ error ] [2]unlink(D:\wwwroot\zhenqingxiang.com\public\assets\addons\shopro\img\order-img.png): No such file or directory
[ error ] [2]unlink(D:\wwwroot\zhenqingxiang.com\public\assets\addons\shopro\img\score.png): No such file or directory
[ error ] [2]unlink(D:\wwwroot\zhenqingxiang.com\public\assets\addons\shopro\img\search.png): No such file or directory
[ error ] [2]unlink(D:\wwwroot\zhenqingxiang.com\public\assets\addons\shopro\img\search_bg.png): No such file or directory
[ error ] [2]unlink(D:\wwwroot\zhenqingxiang.com\public\assets\addons\shopro\img\secKill.png): No such file or directory
[ error ] [2]unlink(D:\wwwroot\zhenqingxiang.com\public\assets\addons\shopro\img\secKill_bg.png): No such file or directory
[ error ] [2]unlink(D:\wwwroot\zhenqingxiang.com\public\assets\addons\shopro\img\set.png): No such file or directory
[ error ] [2]unlink(D:\wwwroot\zhenqingxiang.com\public\assets\addons\shopro\img\sku_close.png): No such file or directory
[ error ] [2]unlink(D:\wwwroot\zhenqingxiang.com\public\assets\addons\shopro\img\user-img.png): No such file or directory
[ error ] [2]unlink(D:\wwwroot\zhenqingxiang.com\public\assets\addons\shopro\img\wechat\add-btn.png): No such file or directory
[ error ] [2]unlink(D:\wwwroot\zhenqingxiang.com\public\assets\addons\shopro\img\wechat\avatar.jpg): No such file or directory
[ error ] [2]unlink(D:\wwwroot\zhenqingxiang.com\public\assets\addons\shopro\img\wechat\code.png): No such file or directory
[ error ] [2]unlink(D:\wwwroot\zhenqingxiang.com\public\assets\addons\shopro\img\wechat\female.png): No such file or directory
[ error ] [2]unlink(D:\wwwroot\zhenqingxiang.com\public\assets\addons\shopro\img\wechat\male.png): No such file or directory
[ error ] [2]unlink(D:\wwwroot\zhenqingxiang.com\public\assets\addons\shopro\img\withdraw.png): No such file or directory
[ error ] [2]unlink(D:\wwwroot\zhenqingxiang.com\public\assets\addons\shopro\img\wxzf_bg.png): No such file or directory
[ error ] [2]unlink(D:\wwwroot\zhenqingxiang.com\public\assets\addons\shopro\img\wxzf_logo.png): No such file or directory
[ error ] [2]unlink(D:\wwwroot\zhenqingxiang.com\public\assets\addons\shopro\img\wx_bg.png): No such file or directory
[ error ] [2]unlink(D:\wwwroot\zhenqingxiang.com\public\assets\addons\shopro\img\wx_logo.png): No such file or directory
[ error ] [2]unlink(D:\wwwroot\zhenqingxiang.com\public\assets\addons\shopro\img\xcx_bg.png): No such file or directory
[ error ] [2]unlink(D:\wwwroot\zhenqingxiang.com\public\assets\addons\shopro\img\xcx_logo.png): No such file or directory
[ error ] [2]unlink(D:\wwwroot\zhenqingxiang.com\public\assets\addons\shopro\img\xinu.png): No such file or directory
[ error ] [2]unlink(D:\wwwroot\zhenqingxiang.com\public\assets\addons\shopro\img\ye_bg.png): No such file or directory
[ error ] [2]unlink(D:\wwwroot\zhenqingxiang.com\public\assets\addons\shopro\img\ye_logo.png): No such file or directory
[ error ] [2]unlink(D:\wwwroot\zhenqingxiang.com\public\assets\addons\shopro\img\zfb_bg.png): No such file or directory
[ error ] [2]unlink(D:\wwwroot\zhenqingxiang.com\public\assets\addons\shopro\img\zfb_logo.png): No such file or directory
[ error ] [2]unlink(D:\wwwroot\zhenqingxiang.com\public\assets\addons\shopro\libs\antv.js): No such file or directory
[ error ] [2]unlink(D:\wwwroot\zhenqingxiang.com\public\assets\addons\shopro\libs\clipboard.min.js): No such file or directory
[ error ] [2]unlink(D:\wwwroot\zhenqingxiang.com\public\assets\addons\shopro\libs\element\element.css): No such file or directory
[ error ] [2]unlink(D:\wwwroot\zhenqingxiang.com\public\assets\addons\shopro\libs\element\element.js): No such file or directory
[ error ] [2]unlink(D:\wwwroot\zhenqingxiang.com\public\assets\addons\shopro\libs\element\fonts\element-icons.ttf): No such file or directory
[ error ] [2]unlink(D:\wwwroot\zhenqingxiang.com\public\assets\addons\shopro\libs\element\fonts\element-icons.woff): No such file or directory
[ error ] [2]unlink(D:\wwwroot\zhenqingxiang.com\public\assets\addons\shopro\libs\moment.js): No such file or directory
[ error ] [2]unlink(D:\wwwroot\zhenqingxiang.com\public\assets\addons\shopro\libs\Sortable.min.js): No such file or directory
[ error ] [2]unlink(D:\wwwroot\zhenqingxiang.com\public\assets\addons\shopro\libs\vue-dev.js): No such file or directory
[ error ] [2]unlink(D:\wwwroot\zhenqingxiang.com\public\assets\addons\shopro\libs\vue.js): No such file or directory
[ error ] [2]unlink(D:\wwwroot\zhenqingxiang.com\public\assets\addons\shopro\libs\vuedraggable.js): No such file or directory
